PayPal\Core\PPHttpConnection: Connecting to https://api.sandbox.paypal.com/v1/oauth2/token
PayPal\Core\PPHttpConnection: Payload grant_type=client_credentials
PayPal\Core\PPHttpConnection: Adding header User-Agent: PayPalSDK/rest-sdk-php 0.6.0 (lang=PHP;v=5.4.19;bit=32;os=Windows_NT_6.1;machine=i586;openssl=0.9.8y;curl=7.30.0)
PayPal\Core\PPHttpConnection: Adding header Authorization: Basic QWJBbDVoRDRjMnp5dXJFeHF5Q0RMbkRwazVzblMtcWQ3cTdZM1J3cXdCOXI0dUxfVHNrSUhkZ19WR1RjOkVGUWdkeEFpQkREd2tnX0o4M0t4R0VoQzFfcTdSaTZOOVc0UG9YbFhIS3RSaEVDQ1BFbFB4Q1pwNFZKLQ==
PayPal\Core\PPHttpConnection: Adding header Accept: */*
PayPal\Core\PPHttpConnection: Invalid or no certificate authority found - Retrying using bundled CA certs file
PayPal\Core\PPHttpConnection: Connecting to https://api.sandbox.paypal.com/v1/payments/payment/index
PayPal\Core\PPHttpConnection: Payload 
PayPal\Core\PPHttpConnection: Adding header Content-Type: application/json
PayPal\Core\PPHttpConnection: Adding header User-Agent: PayPalSDK/rest-sdk-php 0.6.0 (lang=PHP;v=5.4.19;bit=32;os=Windows_NT_6.1;machine=i586;openssl=0.9.8y;curl=7.30.0)
PayPal\Core\PPHttpConnection: Adding header Authorization: Bearer Bi-L8U2EZrDkdlkP5lU-8.5UuieupHn1zADjEWd3Rdo
PayPal\Core\PPHttpConnection: Invalid or no certificate authority found - Retrying using bundled CA certs file
PayPal\Core\PPHttpConnection: Connecting to https://api.sandbox.paypal.com/v1/oauth2/token
PayPal\Core\PPHttpConnection: Payload grant_type=client_credentials
PayPal\Core\PPHttpConnection: Adding header User-Agent: PayPalSDK/rest-sdk-php 0.6.0 (lang=PHP;v=5.4.19;bit=32;os=Windows_NT_6.1;machine=i586;openssl=0.9.8y;curl=7.30.0)
PayPal\Core\PPHttpConnection: Adding header Authorization: Basic QWJBbDVoRDRjMnp5dXJFeHF5Q0RMbkRwazVzblMtcWQ3cTdZM1J3cXdCOXI0dUxfVHNrSUhkZ19WR1RjOkVGUWdkeEFpQkREd2tnX0o4M0t4R0VoQzFfcTdSaTZOOVc0UG9YbFhIS3RSaEVDQ1BFbFB4Q1pwNFZKLQ==
PayPal\Core\PPHttpConnection: Adding header Accept: */*
PayPal\Core\PPHttpConnection: Invalid or no certificate authority found - Retrying using bundled CA certs file
PayPal\Core\PPHttpConnection: Connecting to https://api.sandbox.paypal.com/v1/payments/payment
PayPal\Core\PPHttpConnection: Payload {"intent":"sale","payer":{"payment_method":"credit_card","funding_instruments":[{"credit_card":{"type":"visa","number":"4417119669820331","expire_month":"11","expire_year":"2019","cvv2":"012","first_name":"Anouar","last_name":"Abdessalam"}}]},"transactions":[{"amount":{"currency":"USD","total":"1.00"},"description":"This is the payment description."}]}
PayPal\Core\PPHttpConnection: Adding header Content-Type: application/json
PayPal\Core\PPHttpConnection: Adding header User-Agent: PayPalSDK/rest-sdk-php 0.6.0 (lang=PHP;v=5.4.19;bit=32;os=Windows_NT_6.1;machine=i586;openssl=0.9.8y;curl=7.30.0)
PayPal\Core\PPHttpConnection: Adding header Authorization: Bearer ox.cOKbiL80icz78sVAmHRWLhI4arNb3Rf6QaSLQ-68
PayPal\Core\PPHttpConnection: Adding header PayPal-Request-Id: 2130706433255613928961934859
PayPal\Core\PPHttpConnection: Invalid or no certificate authority found - Retrying using bundled CA certs file
PayPal\Transport\PPRestCall: {"id":"PAY-8UK52317985358612KMC6RQQ","create_time":"2014-02-20T11:36:34Z","update_time":"2014-02-20T11:36:48Z","state":"approved","intent":"sale","payer":{"payment_method":"credit_card","funding_instruments":[{"credit_card":{"type":"visa","number":"xxxxxxxxxxxx0331","expire_month":"11","expire_year":"2019","first_name":"Anouar","last_name":"Abdessalam"}}]},"transactions":[{"amount":{"total":"1.00","currency":"USD","details":{"subtotal":"1.00"}},"description":"This is the payment description.","related_resources":[{"sale":{"id":"2W0513619H304772M","create_time":"2014-02-20T11:36:34Z","update_time":"2014-02-20T11:36:48Z","state":"completed","amount":{"total":"1.00","currency":"USD"},"parent_payment":"PAY-8UK52317985358612KMC6RQQ","links":[{"href":"https://api.sandbox.paypal.com/v1/payments/sale/2W0513619H304772M","rel":"self","method":"GET"},{"href":"https://api.sandbox.paypal.com/v1/payments/sale/2W0513619H304772M/refund","rel":"refund","method":"POST"},{"href":"https://api.sandbox.paypal.com/v1/payments/payment/PAY-8UK52317985358612KMC6RQQ","rel":"parent_payment","method":"GET"}]}}]}],"links":[{"href":"https://api.sandbox.paypal.com/v1/payments/payment/PAY-8UK52317985358612KMC6RQQ","rel":"self","method":"GET"}]}
PayPal\Core\PPHttpConnection: Connecting to https://api.sandbox.paypal.com/v1/oauth2/token
PayPal\Core\PPHttpConnection: Payload grant_type=client_credentials
PayPal\Core\PPHttpConnection: Adding header User-Agent: PayPalSDK/rest-sdk-php 0.6.0 (lang=PHP;v=5.4.19;bit=32;os=Windows_NT_6.1;machine=i586;openssl=0.9.8y;curl=7.30.0)
PayPal\Core\PPHttpConnection: Adding header Authorization: Basic QWJBbDVoRDRjMnp5dXJFeHF5Q0RMbkRwazVzblMtcWQ3cTdZM1J3cXdCOXI0dUxfVHNrSUhkZ19WR1RjOkVGUWdkeEFpQkREd2tnX0o4M0t4R0VoQzFfcTdSaTZOOVc0UG9YbFhIS3RSaEVDQ1BFbFB4Q1pwNFZKLQ==
PayPal\Core\PPHttpConnection: Adding header Accept: */*
PayPal\Core\PPHttpConnection: Invalid or no certificate authority found - Retrying using bundled CA certs file
PayPal\Core\PPHttpConnection: Connecting to https://api.sandbox.paypal.com/v1/payments/payment/index
PayPal\Core\PPHttpConnection: Payload 
PayPal\Core\PPHttpConnection: Adding header Content-Type: application/json
PayPal\Core\PPHttpConnection: Adding header User-Agent: PayPalSDK/rest-sdk-php 0.6.0 (lang=PHP;v=5.4.19;bit=32;os=Windows_NT_6.1;machine=i586;openssl=0.9.8y;curl=7.30.0)
PayPal\Core\PPHttpConnection: Adding header Authorization: Bearer rLM2Ks6CAfFCBTiI4yfz0mKK8AcAvUg6NrD9dUTYbAI
PayPal\Core\PPHttpConnection: Invalid or no certificate authority found - Retrying using bundled CA certs file
PayPal\Core\PPHttpConnection: Connecting to https://api.sandbox.paypal.com/v1/oauth2/token
PayPal\Core\PPHttpConnection: Payload grant_type=client_credentials
PayPal\Core\PPHttpConnection: Adding header User-Agent: PayPalSDK/rest-sdk-php 0.6.0 (lang=PHP;v=5.4.19;bit=32;os=Windows_NT_6.1;machine=i586;openssl=0.9.8y;curl=7.30.0)
PayPal\Core\PPHttpConnection: Adding header Authorization: Basic QWJBbDVoRDRjMnp5dXJFeHF5Q0RMbkRwazVzblMtcWQ3cTdZM1J3cXdCOXI0dUxfVHNrSUhkZ19WR1RjOkVGUWdkeEFpQkREd2tnX0o4M0t4R0VoQzFfcTdSaTZOOVc0UG9YbFhIS3RSaEVDQ1BFbFB4Q1pwNFZKLQ==
PayPal\Core\PPHttpConnection: Adding header Accept: */*
PayPal\Core\PPHttpConnection: Invalid or no certificate authority found - Retrying using bundled CA certs file
PayPal\Core\PPHttpConnection: Connecting to https://api.sandbox.paypal.com/v1/payments/payment/2W0513619H304772M
PayPal\Core\PPHttpConnection: Payload 
PayPal\Core\PPHttpConnection: Adding header Content-Type: application/json
PayPal\Core\PPHttpConnection: Adding header User-Agent: PayPalSDK/rest-sdk-php 0.6.0 (lang=PHP;v=5.4.19;bit=32;os=Windows_NT_6.1;machine=i586;openssl=0.9.8y;curl=7.30.0)
PayPal\Core\PPHttpConnection: Adding header Authorization: Bearer .EWB4HasA1U6Ol3JzTItMg8ZwZQNNc9ij1lIjFm.Z.s
PayPal\Core\PPHttpConnection: Invalid or no certificate authority found - Retrying using bundled CA certs file
PayPal\Core\PPHttpConnection: Connecting to https://api.sandbox.paypal.com/v1/oauth2/token
PayPal\Core\PPHttpConnection: Payload grant_type=client_credentials
PayPal\Core\PPHttpConnection: Adding header User-Agent: PayPalSDK/rest-sdk-php 0.6.0 (lang=PHP;v=5.4.19;bit=32;os=Windows_NT_6.1;machine=i586;openssl=0.9.8y;curl=7.30.0)
PayPal\Core\PPHttpConnection: Adding header Authorization: Basic QWJBbDVoRDRjMnp5dXJFeHF5Q0RMbkRwazVzblMtcWQ3cTdZM1J3cXdCOXI0dUxfVHNrSUhkZ19WR1RjOkVGUWdkeEFpQkREd2tnX0o4M0t4R0VoQzFfcTdSaTZOOVc0UG9YbFhIS3RSaEVDQ1BFbFB4Q1pwNFZKLQ==
PayPal\Core\PPHttpConnection: Adding header Accept: */*
PayPal\Core\PPHttpConnection: Invalid or no certificate authority found - Retrying using bundled CA certs file
PayPal\Core\PPHttpConnection: Connecting to https://api.sandbox.paypal.com/v1/payments/payment/show
PayPal\Core\PPHttpConnection: Payload 
PayPal\Core\PPHttpConnection: Adding header Content-Type: application/json
PayPal\Core\PPHttpConnection: Adding header User-Agent: PayPalSDK/rest-sdk-php 0.6.0 (lang=PHP;v=5.4.19;bit=32;os=Windows_NT_6.1;machine=i586;openssl=0.9.8y;curl=7.30.0)
PayPal\Core\PPHttpConnection: Adding header Authorization: Bearer uaICdQOljtCTXpd1NJLrHWccBLInFOWh3eifOKJXR1o
PayPal\Core\PPHttpConnection: Invalid or no certificate authority found - Retrying using bundled CA certs file
PayPal\Core\PPHttpConnection: Connecting to https://api.sandbox.paypal.com/v1/oauth2/token
PayPal\Core\PPHttpConnection: Payload grant_type=client_credentials
PayPal\Core\PPHttpConnection: Adding header User-Agent: PayPalSDK/rest-sdk-php 0.6.0 (lang=PHP;v=5.4.19;bit=32;os=Windows_NT_6.1;machine=i586;openssl=0.9.8y;curl=7.30.0)
PayPal\Core\PPHttpConnection: Adding header Authorization: Basic QWJBbDVoRDRjMnp5dXJFeHF5Q0RMbkRwazVzblMtcWQ3cTdZM1J3cXdCOXI0dUxfVHNrSUhkZ19WR1RjOkVGUWdkeEFpQkREd2tnX0o4M0t4R0VoQzFfcTdSaTZOOVc0UG9YbFhIS3RSaEVDQ1BFbFB4Q1pwNFZKLQ==
PayPal\Core\PPHttpConnection: Adding header Accept: */*
PayPal\Core\PPHttpConnection: Invalid or no certificate authority found - Retrying using bundled CA certs file
PayPal\Core\PPHttpConnection: Connecting to https://api.sandbox.paypal.com/v1/payments/payment
PayPal\Core\PPHttpConnection: Payload {"intent":"sale","payer":{"payment_method":"credit_card","funding_instruments":[{"credit_card":{"type":"visa","number":"4417119669820331","expire_month":"11","expire_year":"2019","cvv2":"012","first_name":"Anouar","last_name":"Abdessalam"}}]},"transactions":[{"amount":{"currency":"USD","total":"1.00"},"description":"This is the payment description."}]}
PayPal\Core\PPHttpConnection: Adding header Content-Type: application/json
PayPal\Core\PPHttpConnection: Adding header User-Agent: PayPalSDK/rest-sdk-php 0.6.0 (lang=PHP;v=5.4.19;bit=32;os=Windows_NT_6.1;machine=i586;openssl=0.9.8y;curl=7.30.0)
PayPal\Core\PPHttpConnection: Adding header Authorization: Bearer PwQUcxoj9rk6sgSWrVHJFRdfM5ktDSq-HPlgSisIsOc
PayPal\Core\PPHttpConnection: Adding header PayPal-Request-Id: 21307064332556139290532654469
PayPal\Core\PPHttpConnection: Invalid or no certificate authority found - Retrying using bundled CA certs file
PayPal\Transport\PPRestCall: {"id":"PAY-3RM7991580237541DKMDAY3Y","create_time":"2014-02-20T14:08:47Z","update_time":"2014-02-20T14:09:00Z","state":"approved","intent":"sale","payer":{"payment_method":"credit_card","funding_instruments":[{"credit_card":{"type":"visa","number":"xxxxxxxxxxxx0331","expire_month":"11","expire_year":"2019","first_name":"Anouar","last_name":"Abdessalam"}}]},"transactions":[{"amount":{"total":"1.00","currency":"USD","details":{"subtotal":"1.00"}},"description":"This is the payment description.","related_resources":[{"sale":{"id":"6F298365V06459335","create_time":"2014-02-20T14:08:47Z","update_time":"2014-02-20T14:09:00Z","state":"completed","amount":{"total":"1.00","currency":"USD"},"parent_payment":"PAY-3RM7991580237541DKMDAY3Y","links":[{"href":"https://api.sandbox.paypal.com/v1/payments/sale/6F298365V06459335","rel":"self","method":"GET"},{"href":"https://api.sandbox.paypal.com/v1/payments/sale/6F298365V06459335/refund","rel":"refund","method":"POST"},{"href":"https://api.sandbox.paypal.com/v1/payments/payment/PAY-3RM7991580237541DKMDAY3Y","rel":"parent_payment","method":"GET"}]}}]}],"links":[{"href":"https://api.sandbox.paypal.com/v1/payments/payment/PAY-3RM7991580237541DKMDAY3Y","rel":"self","method":"GET"}]}
PayPal\Core\PPHttpConnection: Connecting to https://api.sandbox.paypal.com/v1/oauth2/token
PayPal\Core\PPHttpConnection: Payload grant_type=client_credentials
PayPal\Core\PPHttpConnection: Adding header User-Agent: PayPalSDK/rest-sdk-php 0.6.0 (lang=PHP;v=5.4.19;bit=32;os=Windows_NT_6.1;machine=i586;openssl=0.9.8y;curl=7.30.0)
PayPal\Core\PPHttpConnection: Adding header Authorization: Basic QWJBbDVoRDRjMnp5dXJFeHF5Q0RMbkRwazVzblMtcWQ3cTdZM1J3cXdCOXI0dUxfVHNrSUhkZ19WR1RjOkVGUWdkeEFpQkREd2tnX0o4M0t4R0VoQzFfcTdSaTZOOVc0UG9YbFhIS3RSaEVDQ1BFbFB4Q1pwNFZKLQ==
PayPal\Core\PPHttpConnection: Adding header Accept: */*
PayPal\Core\PPHttpConnection: Invalid or no certificate authority found - Retrying using bundled CA certs file
PayPal\Core\PPHttpConnection: Connecting to https://api.sandbox.paypal.com/v1/payments/payment/PAY-3RM7991580237541DKMDAY3Y
PayPal\Core\PPHttpConnection: Payload 
PayPal\Core\PPHttpConnection: Adding header Content-Type: application/json
PayPal\Core\PPHttpConnection: Adding header User-Agent: PayPalSDK/rest-sdk-php 0.6.0 (lang=PHP;v=5.4.19;bit=32;os=Windows_NT_6.1;machine=i586;openssl=0.9.8y;curl=7.30.0)
PayPal\Core\PPHttpConnection: Adding header Authorization: Bearer Lmp6Y-DIBPlzkAzLNeZlv752h1KrVMu2d7hfKXXBL5k
PayPal\Core\PPHttpConnection: Invalid or no certificate authority found - Retrying using bundled CA certs file
PayPal\Transport\PPRestCall: {"id":"PAY-3RM7991580237541DKMDAY3Y","create_time":"2014-02-20T14:08:47Z","update_time":"2014-02-20T14:09:00Z","state":"approved","intent":"sale","payer":{"payment_method":"credit_card","funding_instruments":[{"credit_card":{"type":"visa","number":"xxxxxxxxxxxx0331","expire_month":"11","expire_year":"2019","first_name":"Anouar","last_name":"Abdessalam"}}]},"transactions":[{"amount":{"total":"1.00","currency":"USD","details":{"subtotal":"1.00"}},"description":"This is the payment description.","related_resources":[{"sale":{"id":"6F298365V06459335","create_time":"2014-02-20T14:08:47Z","update_time":"2014-02-20T14:09:00Z","state":"completed","amount":{"total":"1.00","currency":"USD"},"parent_payment":"PAY-3RM7991580237541DKMDAY3Y","links":[{"href":"https://api.sandbox.paypal.com/v1/payments/sale/6F298365V06459335","rel":"self","method":"GET"},{"href":"https://api.sandbox.paypal.com/v1/payments/sale/6F298365V06459335/refund","rel":"refund","method":"POST"},{"href":"https://api.sandbox.paypal.com/v1/payments/payment/PAY-3RM7991580237541DKMDAY3Y","rel":"parent_payment","method":"GET"}]}}]}],"links":[{"href":"https://api.sandbox.paypal.com/v1/payments/payment/PAY-3RM7991580237541DKMDAY3Y","rel":"self","method":"GET"}]}
PayPal\Core\PPHttpConnection: Connecting to https://api.sandbox.paypal.com/v1/oauth2/token
PayPal\Core\PPHttpConnection: Payload grant_type=client_credentials
PayPal\Core\PPHttpConnection: Adding header User-Agent: PayPalSDK/rest-sdk-php 0.6.0 (lang=PHP;v=5.4.19;bit=32;os=Windows_NT_6.1;machine=i586;openssl=0.9.8y;curl=7.30.0)
PayPal\Core\PPHttpConnection: Adding header Authorization: Basic QWJBbDVoRDRjMnp5dXJFeHF5Q0RMbkRwazVzblMtcWQ3cTdZM1J3cXdCOXI0dUxfVHNrSUhkZ19WR1RjOkVGUWdkeEFpQkREd2tnX0o4M0t4R0VoQzFfcTdSaTZOOVc0UG9YbFhIS3RSaEVDQ1BFbFB4Q1pwNFZKLQ==
PayPal\Core\PPHttpConnection: Adding header Accept: */*
PayPal\Core\PPHttpConnection: Invalid or no certificate authority found - Retrying using bundled CA certs file
PayPal\Core\PPHttpConnection: Connecting to https://api.sandbox.paypal.com/v1/payments/payment
PayPal\Core\PPHttpConnection: Payload {"intent":"sale","payer":{"payment_method":"credit_card","funding_instruments":[{"credit_card":{"type":"visa","number":"4417119669820331","expire_month":"11","expire_year":"2019","cvv2":"012","first_name":"Anouar","last_name":"Abdessalam"}}]},"transactions":[{"amount":{"currency":"USD","total":"1.00"},"description":"This is the payment description."}]}
PayPal\Core\PPHttpConnection: Adding header Content-Type: application/json
PayPal\Core\PPHttpConnection: Adding header User-Agent: PayPalSDK/rest-sdk-php 0.6.0 (lang=PHP;v=5.4.19;bit=32;os=Windows_NT_6.1;machine=i586;openssl=0.9.8y;curl=7.30.0)
PayPal\Core\PPHttpConnection: Adding header Authorization: Bearer wtk7vc6MFCfMuXJNb4OxNTxLi5v6bltHZaP8WdXInl4
PayPal\Core\PPHttpConnection: Adding header PayPal-Request-Id: 21307064332660139299238428480
PayPal\Core\PPHttpConnection: Invalid or no certificate authority found - Retrying using bundled CA certs file
PayPal\Transport\PPRestCall: {"id":"PAY-7Y448920UD456135EKMDWBCI","create_time":"2014-02-21T14:19:53Z","update_time":"2014-02-21T14:20:06Z","state":"approved","intent":"sale","payer":{"payment_method":"credit_card","funding_instruments":[{"credit_card":{"type":"visa","number":"xxxxxxxxxxxx0331","expire_month":"11","expire_year":"2019","first_name":"Anouar","last_name":"Abdessalam"}}]},"transactions":[{"amount":{"total":"1.00","currency":"USD","details":{"subtotal":"1.00"}},"description":"This is the payment description.","related_resources":[{"sale":{"id":"6YP88720A2771533U","create_time":"2014-02-21T14:19:53Z","update_time":"2014-02-21T14:20:06Z","state":"completed","amount":{"total":"1.00","currency":"USD"},"parent_payment":"PAY-7Y448920UD456135EKMDWBCI","links":[{"href":"https://api.sandbox.paypal.com/v1/payments/sale/6YP88720A2771533U","rel":"self","method":"GET"},{"href":"https://api.sandbox.paypal.com/v1/payments/sale/6YP88720A2771533U/refund","rel":"refund","method":"POST"},{"href":"https://api.sandbox.paypal.com/v1/payments/payment/PAY-7Y448920UD456135EKMDWBCI","rel":"parent_payment","method":"GET"}]}}]}],"links":[{"href":"https://api.sandbox.paypal.com/v1/payments/payment/PAY-7Y448920UD456135EKMDWBCI","rel":"self","method":"GET"}]}
PayPal\Core\PPHttpConnection: Connecting to https://api.sandbox.paypal.com/v1/oauth2/token
PayPal\Core\PPHttpConnection: Payload grant_type=client_credentials
PayPal\Core\PPHttpConnection: Adding header User-Agent: PayPalSDK/rest-sdk-php 0.6.0 (lang=PHP;v=5.4.19;bit=32;os=Windows_NT_6.1;machine=i586;openssl=0.9.8y;curl=7.30.0)
PayPal\Core\PPHttpConnection: Adding header Authorization: Basic QWJBbDVoRDRjMnp5dXJFeHF5Q0RMbkRwazVzblMtcWQ3cTdZM1J3cXdCOXI0dUxfVHNrSUhkZ19WR1RjOkVGUWdkeEFpQkREd2tnX0o4M0t4R0VoQzFfcTdSaTZOOVc0UG9YbFhIS3RSaEVDQ1BFbFB4Q1pwNFZKLQ==
PayPal\Core\PPHttpConnection: Adding header Accept: */*
PayPal\Core\PPHttpConnection: Invalid or no certificate authority found - Retrying using bundled CA certs file
PayPal\Core\PPHttpConnection: Connecting to https://api.sandbox.paypal.com/v1/payments/payment
PayPal\Core\PPHttpConnection: Payload {"intent":"sale","payer":{"payment_method":"credit_card","funding_instruments":[{"credit_card":{"type":null,"number":null,"expire_month":null,"expire_year":null,"cvv2":null,"first_name":null,"last_name":null}}]},"transactions":[{"amount":{"currency":"USD","total":34},"description":"This is the payment description."}]}
PayPal\Core\PPHttpConnection: Adding header Content-Type: application/json
PayPal\Core\PPHttpConnection: Adding header User-Agent: PayPalSDK/rest-sdk-php 0.6.0 (lang=PHP;v=5.4.19;bit=32;os=Windows_NT_6.1;machine=i586;openssl=0.9.8y;curl=7.30.0)
PayPal\Core\PPHttpConnection: Adding header Authorization: Bearer c0ARd758CQYn-WP0kaxkuTeTPV1hnhu061mAJrB.G78
PayPal\Core\PPHttpConnection: Adding header PayPal-Request-Id: 2130706433277213934122651137
PayPal\Core\PPHttpConnection: Invalid or no certificate authority found - Retrying using bundled CA certs file
PayPal\Core\PPHttpConnection: Connecting to https://api.sandbox.paypal.com/v1/oauth2/token
PayPal\Core\PPHttpConnection: Payload grant_type=client_credentials
PayPal\Core\PPHttpConnection: Adding header User-Agent: PayPalSDK/rest-sdk-php 0.6.0 (lang=PHP;v=5.4.19;bit=32;os=Windows_NT_6.1;machine=i586;openssl=0.9.8y;curl=7.30.0)
PayPal\Core\PPHttpConnection: Adding header Authorization: Basic QWJBbDVoRDRjMnp5dXJFeHF5Q0RMbkRwazVzblMtcWQ3cTdZM1J3cXdCOXI0dUxfVHNrSUhkZ19WR1RjOkVGUWdkeEFpQkREd2tnX0o4M0t4R0VoQzFfcTdSaTZOOVc0UG9YbFhIS3RSaEVDQ1BFbFB4Q1pwNFZKLQ==
PayPal\Core\PPHttpConnection: Adding header Accept: */*
PayPal\Core\PPHttpConnection: Invalid or no certificate authority found - Retrying using bundled CA certs file
PayPal\Core\PPHttpConnection: Connecting to https://api.sandbox.paypal.com/v1/payments/payment
PayPal\Core\PPHttpConnection: Payload {"intent":"sale","payer":{"payment_method":"credit_card","funding_instruments":[{"credit_card":{"type":null,"number":null,"expire_month":null,"expire_year":null,"cvv2":null,"first_name":null,"last_name":null}}]},"transactions":[{"amount":{"currency":"USD","total":34},"description":"This is the payment description."}]}
PayPal\Core\PPHttpConnection: Adding header Content-Type: application/json
PayPal\Core\PPHttpConnection: Adding header User-Agent: PayPalSDK/rest-sdk-php 0.6.0 (lang=PHP;v=5.4.19;bit=32;os=Windows_NT_6.1;machine=i586;openssl=0.9.8y;curl=7.30.0)
PayPal\Core\PPHttpConnection: Adding header Authorization: Bearer y-cbkLWGRGvCEc5VzsOJtJ1LHMXJfeqbeKmrxJYj-cc
PayPal\Core\PPHttpConnection: Adding header PayPal-Request-Id: 21307064332772139341997417334
PayPal\Core\PPHttpConnection: Invalid or no certificate authority found - Retrying using bundled CA certs file
PayPal\Core\PPHttpConnection: Connecting to https://api.sandbox.paypal.com/v1/oauth2/token
PayPal\Core\PPHttpConnection: Payload grant_type=client_credentials
PayPal\Core\PPHttpConnection: Adding header User-Agent: PayPalSDK/rest-sdk-php 0.6.0 (lang=PHP;v=5.4.19;bit=32;os=Windows_NT_6.1;machine=i586;openssl=0.9.8y;curl=7.30.0)
PayPal\Core\PPHttpConnection: Adding header Authorization: Basic QWJBbDVoRDRjMnp5dXJFeHF5Q0RMbkRwazVzblMtcWQ3cTdZM1J3cXdCOXI0dUxfVHNrSUhkZ19WR1RjOkVGUWdkeEFpQkREd2tnX0o4M0t4R0VoQzFfcTdSaTZOOVc0UG9YbFhIS3RSaEVDQ1BFbFB4Q1pwNFZKLQ==
PayPal\Core\PPHttpConnection: Adding header Accept: */*
PayPal\Core\PPHttpConnection: Invalid or no certificate authority found - Retrying using bundled CA certs file
PayPal\Core\PPHttpConnection: Connecting to https://api.sandbox.paypal.com/v1/payments/payment
PayPal\Core\PPHttpConnection: Payload {"intent":"sale","payer":{"payment_method":"credit_card","funding_instruments":[{"credit_card":{"type":null,"number":null,"expire_month":null,"expire_year":null,"cvv2":null,"first_name":null,"last_name":null}}]},"transactions":[{"amount":{"currency":"USD","total":34},"description":"This is the payment description."}]}
PayPal\Core\PPHttpConnection: Adding header Content-Type: application/json
PayPal\Core\PPHttpConnection: Adding header User-Agent: PayPalSDK/rest-sdk-php 0.6.0 (lang=PHP;v=5.4.19;bit=32;os=Windows_NT_6.1;machine=i586;openssl=0.9.8y;curl=7.30.0)
PayPal\Core\PPHttpConnection: Adding header Authorization: Bearer 0lyLshU.o4Mgm8SF0I8kswTpX1JGudEqx6MFR6kJIEw
PayPal\Core\PPHttpConnection: Adding header PayPal-Request-Id: 21307064332772139342007336998
PayPal\Core\PPHttpConnection: Invalid or no certificate authority found - Retrying using bundled CA certs file
PayPal\Core\PPHttpConnection: Connecting to https://api.sandbox.paypal.com/v1/oauth2/token
PayPal\Core\PPHttpConnection: Payload grant_type=client_credentials
PayPal\Core\PPHttpConnection: Adding header User-Agent: PayPalSDK/rest-sdk-php 0.6.0 (lang=PHP;v=5.4.19;bit=32;os=Windows_NT_6.1;machine=i586;openssl=0.9.8y;curl=7.30.0)
PayPal\Core\PPHttpConnection: Adding header Authorization: Basic QWJBbDVoRDRjMnp5dXJFeHF5Q0RMbkRwazVzblMtcWQ3cTdZM1J3cXdCOXI0dUxfVHNrSUhkZ19WR1RjOkVGUWdkeEFpQkREd2tnX0o4M0t4R0VoQzFfcTdSaTZOOVc0UG9YbFhIS3RSaEVDQ1BFbFB4Q1pwNFZKLQ==
PayPal\Core\PPHttpConnection: Adding header Accept: */*
PayPal\Core\PPHttpConnection: Invalid or no certificate authority found - Retrying using bundled CA certs file
PayPal\Core\PPHttpConnection: Connecting to https://api.sandbox.paypal.com/v1/payments/payment
PayPal\Core\PPHttpConnection: Payload {"intent":"sale","payer":{"payment_method":"credit_card","funding_instruments":[{"credit_card":{"type":null,"number":null,"expire_month":null,"expire_year":null,"cvv2":null,"first_name":null,"last_name":null}}]},"transactions":[{"amount":{"currency":"USD","total":100},"description":"This is the payment description."}]}
PayPal\Core\PPHttpConnection: Adding header Content-Type: application/json
PayPal\Core\PPHttpConnection: Adding header User-Agent: PayPalSDK/rest-sdk-php 0.6.0 (lang=PHP;v=5.4.19;bit=32;os=Windows_NT_6.1;machine=i586;openssl=0.9.8y;curl=7.30.0)
PayPal\Core\PPHttpConnection: Adding header Authorization: Bearer mRRjcwvx9DvHgzAGJR-3aCmXaB87rCvw9exwbAjxGR8
PayPal\Core\PPHttpConnection: Adding header PayPal-Request-Id: 21307064332772139349191915034
PayPal\Core\PPHttpConnection: Invalid or no certificate authority found - Retrying using bundled CA certs file
PayPal\Core\PPHttpConnection: Connecting to https://api.sandbox.paypal.com/v1/oauth2/token
PayPal\Core\PPHttpConnection: Payload grant_type=client_credentials
PayPal\Core\PPHttpConnection: Adding header User-Agent: PayPalSDK/rest-sdk-php 0.6.0 (lang=PHP;v=5.4.19;bit=32;os=Windows_NT_6.1;machine=i586;openssl=0.9.8y;curl=7.30.0)
PayPal\Core\PPHttpConnection: Adding header Authorization: Basic QWJBbDVoRDRjMnp5dXJFeHF5Q0RMbkRwazVzblMtcWQ3cTdZM1J3cXdCOXI0dUxfVHNrSUhkZ19WR1RjOkVGUWdkeEFpQkREd2tnX0o4M0t4R0VoQzFfcTdSaTZOOVc0UG9YbFhIS3RSaEVDQ1BFbFB4Q1pwNFZKLQ==
PayPal\Core\PPHttpConnection: Adding header Accept: */*
PayPal\Core\PPHttpConnection: Invalid or no certificate authority found - Retrying using bundled CA certs file
PayPal\Core\PPHttpConnection: Connecting to https://api.sandbox.paypal.com/v1/payments/payment
PayPal\Core\PPHttpConnection: Payload {"intent":"sale","payer":{"payment_method":"credit_card","funding_instruments":[{"credit_card":{"type":[],"number":[],"expire_month":[],"expire_year":[],"cvv2":[],"first_name":[],"last_name":[]}}]},"transactions":[{"amount":{"currency":"USD","total":100},"description":"This is the payment description."}]}
PayPal\Core\PPHttpConnection: Adding header Content-Type: application/json
PayPal\Core\PPHttpConnection: Adding header User-Agent: PayPalSDK/rest-sdk-php 0.6.0 (lang=PHP;v=5.4.19;bit=32;os=Windows_NT_6.1;machine=i586;openssl=0.9.8y;curl=7.30.0)
PayPal\Core\PPHttpConnection: Adding header Authorization: Bearer ZUa2HaXTBUqiXb2pOcv6uzObJWR7cEfoaaCNkhmW7mw
PayPal\Core\PPHttpConnection: Adding header PayPal-Request-Id: 21307064332772139349476553634
PayPal\Core\PPHttpConnection: Invalid or no certificate authority found - Retrying using bundled CA certs file
PayPal\Core\PPHttpConnection: Connecting to https://api.sandbox.paypal.com/v1/oauth2/token
PayPal\Core\PPHttpConnection: Payload grant_type=client_credentials
PayPal\Core\PPHttpConnection: Adding header User-Agent: PayPalSDK/rest-sdk-php 0.6.0 (lang=PHP;v=5.4.19;bit=32;os=Windows_NT_6.1;machine=i586;openssl=0.9.8y;curl=7.30.0)
PayPal\Core\PPHttpConnection: Adding header Authorization: Basic QWJBbDVoRDRjMnp5dXJFeHF5Q0RMbkRwazVzblMtcWQ3cTdZM1J3cXdCOXI0dUxfVHNrSUhkZ19WR1RjOkVGUWdkeEFpQkREd2tnX0o4M0t4R0VoQzFfcTdSaTZOOVc0UG9YbFhIS3RSaEVDQ1BFbFB4Q1pwNFZKLQ==
PayPal\Core\PPHttpConnection: Adding header Accept: */*
PayPal\Core\PPHttpConnection: Invalid or no certificate authority found - Retrying using bundled CA certs file
PayPal\Core\PPHttpConnection: Connecting to https://api.sandbox.paypal.com/v1/payments/payment
PayPal\Core\PPHttpConnection: Payload {"intent":"sale","payer":{"payment_method":"credit_card","funding_instruments":[{"credit_card":{"type":"discover","number":"1111111111111111","expire_month":"4","expire_year":"2016","cvv2":"012","first_name":"Anouar","last_name":"Abdessalam"}}]},"transactions":[{"amount":{"currency":"USD","total":100},"description":"This is the payment description."}]}
PayPal\Core\PPHttpConnection: Adding header Content-Type: application/json
PayPal\Core\PPHttpConnection: Adding header User-Agent: PayPalSDK/rest-sdk-php 0.6.0 (lang=PHP;v=5.4.19;bit=32;os=Windows_NT_6.1;machine=i586;openssl=0.9.8y;curl=7.30.0)
PayPal\Core\PPHttpConnection: Adding header Authorization: Bearer OtLWFDNgeOD3cD5YyIP7BTLB27Rc6ktrO5qyMCGLLlI
PayPal\Core\PPHttpConnection: Adding header PayPal-Request-Id: 21307064332772139350022922553
PayPal\Core\PPHttpConnection: Invalid or no certificate authority found - Retrying using bundled CA certs file
PayPal\Core\PPHttpConnection: Connecting to https://api.sandbox.paypal.com/v1/oauth2/token
PayPal\Core\PPHttpConnection: Payload grant_type=client_credentials
PayPal\Core\PPHttpConnection: Adding header User-Agent: PayPalSDK/rest-sdk-php 0.6.0 (lang=PHP;v=5.4.19;bit=32;os=Windows_NT_6.1;machine=i586;openssl=0.9.8y;curl=7.30.0)
PayPal\Core\PPHttpConnection: Adding header Authorization: Basic QWJBbDVoRDRjMnp5dXJFeHF5Q0RMbkRwazVzblMtcWQ3cTdZM1J3cXdCOXI0dUxfVHNrSUhkZ19WR1RjOkVGUWdkeEFpQkREd2tnX0o4M0t4R0VoQzFfcTdSaTZOOVc0UG9YbFhIS3RSaEVDQ1BFbFB4Q1pwNFZKLQ==
PayPal\Core\PPHttpConnection: Adding header Accept: */*
PayPal\Core\PPHttpConnection: Invalid or no certificate authority found - Retrying using bundled CA certs file
PayPal\Core\PPHttpConnection: Connecting to https://api.sandbox.paypal.com/v1/payments/payment
PayPal\Core\PPHttpConnection: Payload {"intent":"sale","payer":{"payment_method":"credit_card","funding_instruments":[{"credit_card":{"type":"discover","number":"1111111111111111","expire_month":"4","expire_year":"2016","cvv2":"012","first_name":"Anouar","last_name":"Abdessalam"}}]},"transactions":[{"amount":{"currency":"USD","total":100},"description":"This is the payment description."}]}
PayPal\Core\PPHttpConnection: Adding header Content-Type: application/json
PayPal\Core\PPHttpConnection: Adding header User-Agent: PayPalSDK/rest-sdk-php 0.6.0 (lang=PHP;v=5.4.19;bit=32;os=Windows_NT_6.1;machine=i586;openssl=0.9.8y;curl=7.30.0)
PayPal\Core\PPHttpConnection: Adding header Authorization: Bearer O21Cux1RB8WudWlZReD33fUbtdWzoo4fK6HW7A-mLGA
PayPal\Core\PPHttpConnection: Adding header PayPal-Request-Id: 2130706433277213935002457497
PayPal\Core\PPHttpConnection: Invalid or no certificate authority found - Retrying using bundled CA certs file
PayPal\Core\PPHttpConnection: Connecting to https://api.sandbox.paypal.com/v1/oauth2/token
PayPal\Core\PPHttpConnection: Payload grant_type=client_credentials
PayPal\Core\PPHttpConnection: Adding header User-Agent: PayPalSDK/rest-sdk-php 0.6.0 (lang=PHP;v=5.4.19;bit=32;os=Windows_NT_6.1;machine=i586;openssl=0.9.8y;curl=7.30.0)
PayPal\Core\PPHttpConnection: Adding header Authorization: Basic QWJBbDVoRDRjMnp5dXJFeHF5Q0RMbkRwazVzblMtcWQ3cTdZM1J3cXdCOXI0dUxfVHNrSUhkZ19WR1RjOkVGUWdkeEFpQkREd2tnX0o4M0t4R0VoQzFfcTdSaTZOOVc0UG9YbFhIS3RSaEVDQ1BFbFB4Q1pwNFZKLQ==
PayPal\Core\PPHttpConnection: Adding header Accept: */*
PayPal\Core\PPHttpConnection: Invalid or no certificate authority found - Retrying using bundled CA certs file
PayPal\Core\PPHttpConnection: Connecting to https://api.sandbox.paypal.com/v1/payments/payment
PayPal\Core\PPHttpConnection: Payload {"intent":"sale","payer":{"payment_method":"credit_card","funding_instruments":[{"credit_card":{"type":"visa","number":"4417119669820331","expire_month":"11","expire_year":"2019","cvv2":"012","first_name":"Anouar","last_name":"Abdessalam"}}]},"transactions":[{"amount":{"currency":"USD","total":100},"description":"This is the payment description."}]}
PayPal\Core\PPHttpConnection: Adding header Content-Type: application/json
PayPal\Core\PPHttpConnection: Adding header User-Agent: PayPalSDK/rest-sdk-php 0.6.0 (lang=PHP;v=5.4.19;bit=32;os=Windows_NT_6.1;machine=i586;openssl=0.9.8y;curl=7.30.0)
PayPal\Core\PPHttpConnection: Adding header Authorization: Bearer 2ZwkCSKGoh0h2XYRMZ2HBXA94.QdHhU0XvOdF.Q-GM0
PayPal\Core\PPHttpConnection: Adding header PayPal-Request-Id: 21307064332772139350174824196
PayPal\Core\PPHttpConnection: Invalid or no certificate authority found - Retrying using bundled CA certs file
PayPal\Transport\PPRestCall: {"id":"PAY-89L265700U909825DKMHSMNI","create_time":"2014-02-27T11:49:09Z","update_time":"2014-02-27T11:49:23Z","state":"approved","intent":"sale","payer":{"payment_method":"credit_card","funding_instruments":[{"credit_card":{"type":"visa","number":"xxxxxxxxxxxx0331","expire_month":"11","expire_year":"2019","first_name":"Anouar","last_name":"Abdessalam"}}]},"transactions":[{"amount":{"total":"100.00","currency":"USD","details":{"subtotal":"100.00"}},"description":"This is the payment description.","related_resources":[{"sale":{"id":"9E8220066J3152715","create_time":"2014-02-27T11:49:09Z","update_time":"2014-02-27T11:49:23Z","state":"completed","amount":{"total":"100.00","currency":"USD"},"parent_payment":"PAY-89L265700U909825DKMHSMNI","links":[{"href":"https://api.sandbox.paypal.com/v1/payments/sale/9E8220066J3152715","rel":"self","method":"GET"},{"href":"https://api.sandbox.paypal.com/v1/payments/sale/9E8220066J3152715/refund","rel":"refund","method":"POST"},{"href":"https://api.sandbox.paypal.com/v1/payments/payment/PAY-89L265700U909825DKMHSMNI","rel":"parent_payment","method":"GET"}]}}]}],"links":[{"href":"https://api.sandbox.paypal.com/v1/payments/payment/PAY-89L265700U909825DKMHSMNI","rel":"self","method":"GET"}]}
PayPal\Core\PPHttpConnection: Connecting to https://api.sandbox.paypal.com/v1/oauth2/token
PayPal\Core\PPHttpConnection: Payload grant_type=client_credentials
PayPal\Core\PPHttpConnection: Adding header User-Agent: PayPalSDK/rest-sdk-php 0.6.0 (lang=PHP;v=5.4.19;bit=32;os=Windows_NT_6.1;machine=i586;openssl=0.9.8y;curl=7.30.0)
PayPal\Core\PPHttpConnection: Adding header Authorization: Basic QWJBbDVoRDRjMnp5dXJFeHF5Q0RMbkRwazVzblMtcWQ3cTdZM1J3cXdCOXI0dUxfVHNrSUhkZ19WR1RjOkVGUWdkeEFpQkREd2tnX0o4M0t4R0VoQzFfcTdSaTZOOVc0UG9YbFhIS3RSaEVDQ1BFbFB4Q1pwNFZKLQ==
PayPal\Core\PPHttpConnection: Adding header Accept: */*
PayPal\Core\PPHttpConnection: Invalid or no certificate authority found - Retrying using bundled CA certs file
PayPal\Core\PPHttpConnection: Connecting to https://api.sandbox.paypal.com/v1/payments/payment
PayPal\Core\PPHttpConnection: Payload {"intent":"sale","payer":{"payment_method":"credit_card","funding_instruments":[{"credit_card":{"type":"visa","number":"4417119669820331","expire_month":"11","expire_year":"2019","cvv2":"012","first_name":"Anouar","last_name":"Abdessalam"}}]},"transactions":[{"amount":{"currency":"USD","total":100},"description":"This is the payment description."}]}
PayPal\Core\PPHttpConnection: Adding header Content-Type: application/json
PayPal\Core\PPHttpConnection: Adding header User-Agent: PayPalSDK/rest-sdk-php 0.6.0 (lang=PHP;v=5.4.19;bit=32;os=Windows_NT_6.1;machine=i586;openssl=0.9.8y;curl=7.30.0)
PayPal\Core\PPHttpConnection: Adding header Authorization: Bearer I9PXUDrK69EG3yOXdzMSqfy8t1vPMjoH8AqCBDU14pg
PayPal\Core\PPHttpConnection: Adding header PayPal-Request-Id: 21307064332772139350679944672
PayPal\Core\PPHttpConnection: Invalid or no certificate authority found - Retrying using bundled CA certs file
PayPal\Transport\PPRestCall: {"id":"PAY-107323566D853410RKMHTT5A","create_time":"2014-02-27T13:13:24Z","update_time":"2014-02-27T13:13:37Z","state":"approved","intent":"sale","payer":{"payment_method":"credit_card","funding_instruments":[{"credit_card":{"type":"visa","number":"xxxxxxxxxxxx0331","expire_month":"11","expire_year":"2019","first_name":"Anouar","last_name":"Abdessalam"}}]},"transactions":[{"amount":{"total":"100.00","currency":"USD","details":{"subtotal":"100.00"}},"description":"This is the payment description.","related_resources":[{"sale":{"id":"1P2596572G905004T","create_time":"2014-02-27T13:13:24Z","update_time":"2014-02-27T13:13:37Z","state":"completed","amount":{"total":"100.00","currency":"USD"},"parent_payment":"PAY-107323566D853410RKMHTT5A","links":[{"href":"https://api.sandbox.paypal.com/v1/payments/sale/1P2596572G905004T","rel":"self","method":"GET"},{"href":"https://api.sandbox.paypal.com/v1/payments/sale/1P2596572G905004T/refund","rel":"refund","method":"POST"},{"href":"https://api.sandbox.paypal.com/v1/payments/payment/PAY-107323566D853410RKMHTT5A","rel":"parent_payment","method":"GET"}]}}]}],"links":[{"href":"https://api.sandbox.paypal.com/v1/payments/payment/PAY-107323566D853410RKMHTT5A","rel":"self","method":"GET"}]}
PayPal\Core\PPHttpConnection: Connecting to https://api.sandbox.paypal.com/v1/oauth2/token
PayPal\Core\PPHttpConnection: Payload grant_type=client_credentials
PayPal\Core\PPHttpConnection: Adding header User-Agent: PayPalSDK/rest-sdk-php 0.6.0 (lang=PHP;v=5.4.19;bit=32;os=Windows_NT_6.1;machine=i586;openssl=0.9.8y;curl=7.30.0)
PayPal\Core\PPHttpConnection: Adding header Authorization: Basic QWJBbDVoRDRjMnp5dXJFeHF5Q0RMbkRwazVzblMtcWQ3cTdZM1J3cXdCOXI0dUxfVHNrSUhkZ19WR1RjOkVGUWdkeEFpQkREd2tnX0o4M0t4R0VoQzFfcTdSaTZOOVc0UG9YbFhIS3RSaEVDQ1BFbFB4Q1pwNFZKLQ==
PayPal\Core\PPHttpConnection: Adding header Accept: */*
PayPal\Core\PPHttpConnection: Invalid or no certificate authority found - Retrying using bundled CA certs file
PayPal\Core\PPHttpConnection: Connecting to https://api.sandbox.paypal.com/v1/payments/payment
PayPal\Core\PPHttpConnection: Payload {"intent":"sale","payer":{"payment_method":"credit_card","funding_instruments":[{"credit_card":{"type":"visa","number":"4417119669820331","expire_month":"11","expire_year":"2019","cvv2":"012","first_name":"Anouar","last_name":"Abdessalam"}}]},"transactions":[{"amount":{"currency":"USD","total":644},"description":"This is the payment description."}]}
PayPal\Core\PPHttpConnection: Adding header Content-Type: application/json
PayPal\Core\PPHttpConnection: Adding header User-Agent: PayPalSDK/rest-sdk-php 0.6.0 (lang=PHP;v=5.4.19;bit=32;os=Windows_NT_6.1;machine=i586;openssl=0.9.8y;curl=7.30.0)
PayPal\Core\PPHttpConnection: Adding header Authorization: Bearer MGR9KmTpalE9cxkAmVN-EWr2KRF66bB2flMAbUWYzuA
PayPal\Core\PPHttpConnection: Adding header PayPal-Request-Id: 21307064332564139393758529634
PayPal\Core\PPHttpConnection: Invalid or no certificate authority found - Retrying using bundled CA certs file
PayPal\Transport\PPRestCall: {"id":"PAY-37P48604PS0534140KMK4ZNI","create_time":"2014-03-04T12:53:09Z","update_time":"2014-03-04T12:53:24Z","state":"approved","intent":"sale","payer":{"payment_method":"credit_card","funding_instruments":[{"credit_card":{"type":"visa","number":"xxxxxxxxxxxx0331","expire_month":"11","expire_year":"2019","first_name":"Anouar","last_name":"Abdessalam"}}]},"transactions":[{"amount":{"total":"644.00","currency":"USD","details":{"subtotal":"644.00"}},"description":"This is the payment description.","related_resources":[{"sale":{"id":"7G952738KH8731800","create_time":"2014-03-04T12:53:09Z","update_time":"2014-03-04T12:53:24Z","state":"completed","amount":{"total":"644.00","currency":"USD"},"parent_payment":"PAY-37P48604PS0534140KMK4ZNI","links":[{"href":"https://api.sandbox.paypal.com/v1/payments/sale/7G952738KH8731800","rel":"self","method":"GET"},{"href":"https://api.sandbox.paypal.com/v1/payments/sale/7G952738KH8731800/refund","rel":"refund","method":"POST"},{"href":"https://api.sandbox.paypal.com/v1/payments/payment/PAY-37P48604PS0534140KMK4ZNI","rel":"parent_payment","method":"GET"}]}}]}],"links":[{"href":"https://api.sandbox.paypal.com/v1/payments/payment/PAY-37P48604PS0534140KMK4ZNI","rel":"self","method":"GET"}]}
PayPal\Core\PPHttpConnection: Connecting to https://api.sandbox.paypal.com/v1/oauth2/token
PayPal\Core\PPHttpConnection: Payload grant_type=client_credentials
PayPal\Core\PPHttpConnection: Adding header User-Agent: PayPalSDK/rest-sdk-php 0.6.0 (lang=PHP;v=5.4.19;bit=32;os=Windows_NT_6.1;machine=i586;openssl=0.9.8y;curl=7.30.0)
PayPal\Core\PPHttpConnection: Adding header Authorization: Basic QWJBbDVoRDRjMnp5dXJFeHF5Q0RMbkRwazVzblMtcWQ3cTdZM1J3cXdCOXI0dUxfVHNrSUhkZ19WR1RjOkVGUWdkeEFpQkREd2tnX0o4M0t4R0VoQzFfcTdSaTZOOVc0UG9YbFhIS3RSaEVDQ1BFbFB4Q1pwNFZKLQ==
PayPal\Core\PPHttpConnection: Adding header Accept: */*
PayPal\Core\PPHttpConnection: Invalid or no certificate authority found - Retrying using bundled CA certs file
PayPal\Core\PPHttpConnection: Connecting to https://api.sandbox.paypal.com/v1/payments/payment
PayPal\Core\PPHttpConnection: Payload {"intent":"sale","payer":{"payment_method":"credit_card","funding_instruments":[{"credit_card":{"type":"visa","number":"4417119669820331","expire_month":"11","expire_year":"2019","cvv2":"012","first_name":"Anouar","last_name":"Abdessalam"}}]},"transactions":[{"amount":{"currency":"USD","total":743},"description":"This is the payment description."}]}
PayPal\Core\PPHttpConnection: Adding header Content-Type: application/json
PayPal\Core\PPHttpConnection: Adding header User-Agent: PayPalSDK/rest-sdk-php 0.6.0 (lang=PHP;v=5.4.19;bit=32;os=Windows_NT_6.1;machine=i586;openssl=0.9.8y;curl=7.30.0)
PayPal\Core\PPHttpConnection: Adding header Authorization: Bearer OU51IumrKRfG2EYBIvFlIsXmjYChbX6ETBO5QKZ9snQ
PayPal\Core\PPHttpConnection: Adding header PayPal-Request-Id: 21307064332564139401481759661
PayPal\Core\PPHttpConnection: Invalid or no certificate authority found - Retrying using bundled CA certs file
PayPal\Transport\PPRestCall: {"id":"PAY-9H0525654K470162SKMLPUZA","create_time":"2014-03-05T10:20:20Z","update_time":"2014-03-05T10:20:34Z","state":"approved","intent":"sale","payer":{"payment_method":"credit_card","funding_instruments":[{"credit_card":{"type":"visa","number":"xxxxxxxxxxxx0331","expire_month":"11","expire_year":"2019","first_name":"Anouar","last_name":"Abdessalam"}}]},"transactions":[{"amount":{"total":"743.00","currency":"USD","details":{"subtotal":"743.00"}},"description":"This is the payment description.","related_resources":[{"sale":{"id":"9AT2981320553420B","create_time":"2014-03-05T10:20:20Z","update_time":"2014-03-05T10:20:34Z","state":"completed","amount":{"total":"743.00","currency":"USD"},"parent_payment":"PAY-9H0525654K470162SKMLPUZA","links":[{"href":"https://api.sandbox.paypal.com/v1/payments/sale/9AT2981320553420B","rel":"self","method":"GET"},{"href":"https://api.sandbox.paypal.com/v1/payments/sale/9AT2981320553420B/refund","rel":"refund","method":"POST"},{"href":"https://api.sandbox.paypal.com/v1/payments/payment/PAY-9H0525654K470162SKMLPUZA","rel":"parent_payment","method":"GET"}]}}]}],"links":[{"href":"https://api.sandbox.paypal.com/v1/payments/payment/PAY-9H0525654K470162SKMLPUZA","rel":"self","method":"GET"}]}
PayPal\Core\PPHttpConnection: Connecting to https://api.sandbox.paypal.com/v1/oauth2/token
PayPal\Core\PPHttpConnection: Payload grant_type=client_credentials
PayPal\Core\PPHttpConnection: Adding header User-Agent: PayPalSDK/rest-sdk-php 0.6.0 (lang=PHP;v=5.4.19;bit=32;os=Windows_NT_6.1;machine=i586;openssl=0.9.8y;curl=7.30.0)
PayPal\Core\PPHttpConnection: Adding header Authorization: Basic QWJBbDVoRDRjMnp5dXJFeHF5Q0RMbkRwazVzblMtcWQ3cTdZM1J3cXdCOXI0dUxfVHNrSUhkZ19WR1RjOkVGUWdkeEFpQkREd2tnX0o4M0t4R0VoQzFfcTdSaTZOOVc0UG9YbFhIS3RSaEVDQ1BFbFB4Q1pwNFZKLQ==
PayPal\Core\PPHttpConnection: Adding header Accept: */*
PayPal\Core\PPHttpConnection: Invalid or no certificate authority found - Retrying using bundled CA certs file
PayPal\Core\PPHttpConnection: Connecting to https://api.sandbox.paypal.com/v1/payments/payment
PayPal\Core\PPHttpConnection: Payload {"intent":"sale","payer":{"payment_method":"credit_card","funding_instruments":[{"credit_card":{"type":"visa","number":"4417119669820331","expire_month":"11","expire_year":"2019","cvv2":"012","first_name":"Anouar","last_name":"Abdessalam"}}]},"transactions":[{"amount":{"currency":"USD","total":743},"description":"This is the payment description."}]}
PayPal\Core\PPHttpConnection: Adding header Content-Type: application/json
PayPal\Core\PPHttpConnection: Adding header User-Agent: PayPalSDK/rest-sdk-php 0.6.0 (lang=PHP;v=5.4.19;bit=32;os=Windows_NT_6.1;machine=i586;openssl=0.9.8y;curl=7.30.0)
PayPal\Core\PPHttpConnection: Adding header Authorization: Bearer f2Qzf9cTZl1Swgpo4RPMMPVfI6NF76Ui2QG5hC2uD4c
PayPal\Core\PPHttpConnection: Adding header PayPal-Request-Id: 21307064332564139401682418167
PayPal\Core\PPHttpConnection: Invalid or no certificate authority found - Retrying using bundled CA certs file
PayPal\Transport\PPRestCall: {"id":"PAY-6NW28758KP401821LKMLQEOQ","create_time":"2014-03-05T10:53:46Z","update_time":"2014-03-05T10:53:59Z","state":"approved","intent":"sale","payer":{"payment_method":"credit_card","funding_instruments":[{"credit_card":{"type":"visa","number":"xxxxxxxxxxxx0331","expire_month":"11","expire_year":"2019","first_name":"Anouar","last_name":"Abdessalam"}}]},"transactions":[{"amount":{"total":"743.00","currency":"USD","details":{"subtotal":"743.00"}},"description":"This is the payment description.","related_resources":[{"sale":{"id":"5DP53286HE435392S","create_time":"2014-03-05T10:53:46Z","update_time":"2014-03-05T10:53:59Z","state":"completed","amount":{"total":"743.00","currency":"USD"},"parent_payment":"PAY-6NW28758KP401821LKMLQEOQ","links":[{"href":"https://api.sandbox.paypal.com/v1/payments/sale/5DP53286HE435392S","rel":"self","method":"GET"},{"href":"https://api.sandbox.paypal.com/v1/payments/sale/5DP53286HE435392S/refund","rel":"refund","method":"POST"},{"href":"https://api.sandbox.paypal.com/v1/payments/payment/PAY-6NW28758KP401821LKMLQEOQ","rel":"parent_payment","method":"GET"}]}}]}],"links":[{"href":"https://api.sandbox.paypal.com/v1/payments/payment/PAY-6NW28758KP401821LKMLQEOQ","rel":"self","method":"GET"}]}
PayPal\Core\PPHttpConnection: Connecting to https://api.sandbox.paypal.com/v1/oauth2/token
PayPal\Core\PPHttpConnection: Payload grant_type=client_credentials
PayPal\Core\PPHttpConnection: Adding header User-Agent: PayPalSDK/rest-sdk-php 0.6.0 (lang=PHP;v=5.4.19;bit=32;os=Windows_NT_6.1;machine=i586;openssl=0.9.8y;curl=7.30.0)
PayPal\Core\PPHttpConnection: Adding header Authorization: Basic QWJBbDVoRDRjMnp5dXJFeHF5Q0RMbkRwazVzblMtcWQ3cTdZM1J3cXdCOXI0dUxfVHNrSUhkZ19WR1RjOkVGUWdkeEFpQkREd2tnX0o4M0t4R0VoQzFfcTdSaTZOOVc0UG9YbFhIS3RSaEVDQ1BFbFB4Q1pwNFZKLQ==
PayPal\Core\PPHttpConnection: Adding header Accept: */*
PayPal\Core\PPHttpConnection: Invalid or no certificate authority found - Retrying using bundled CA certs file
PayPal\Core\PPHttpConnection: Connecting to https://api.sandbox.paypal.com/v1/payments/payment
PayPal\Core\PPHttpConnection: Payload {"intent":"sale","payer":{"payment_method":"credit_card","funding_instruments":[{"credit_card":{"type":"visa","number":"4417119669820331","expire_month":"11","expire_year":"2019","cvv2":"012","first_name":"Anouar","last_name":"Abdessalam"}}]},"transactions":[{"amount":{"currency":"USD","total":743},"description":"This is the payment description."}]}
PayPal\Core\PPHttpConnection: Adding header Content-Type: application/json
PayPal\Core\PPHttpConnection: Adding header User-Agent: PayPalSDK/rest-sdk-php 0.6.0 (lang=PHP;v=5.4.19;bit=32;os=Windows_NT_6.1;machine=i586;openssl=0.9.8y;curl=7.30.0)
PayPal\Core\PPHttpConnection: Adding header Authorization: Bearer G8xaek7NNihV.sx64YWLXG5fl7fS0VClc6hc0ORQEiw
PayPal\Core\PPHttpConnection: Adding header PayPal-Request-Id: 21307064332564139401694965463
PayPal\Core\PPHttpConnection: Invalid or no certificate authority found - Retrying using bundled CA certs file
PayPal\Transport\PPRestCall: {"id":"PAY-14T51024AJ1553546KMLQFNQ","create_time":"2014-03-05T10:55:50Z","update_time":"2014-03-05T10:56:04Z","state":"approved","intent":"sale","payer":{"payment_method":"credit_card","funding_instruments":[{"credit_card":{"type":"visa","number":"xxxxxxxxxxxx0331","expire_month":"11","expire_year":"2019","first_name":"Anouar","last_name":"Abdessalam"}}]},"transactions":[{"amount":{"total":"743.00","currency":"USD","details":{"subtotal":"743.00"}},"description":"This is the payment description.","related_resources":[{"sale":{"id":"6TU10587B4986211M","create_time":"2014-03-05T10:55:50Z","update_time":"2014-03-05T10:56:04Z","state":"completed","amount":{"total":"743.00","currency":"USD"},"parent_payment":"PAY-14T51024AJ1553546KMLQFNQ","links":[{"href":"https://api.sandbox.paypal.com/v1/payments/sale/6TU10587B4986211M","rel":"self","method":"GET"},{"href":"https://api.sandbox.paypal.com/v1/payments/sale/6TU10587B4986211M/refund","rel":"refund","method":"POST"},{"href":"https://api.sandbox.paypal.com/v1/payments/payment/PAY-14T51024AJ1553546KMLQFNQ","rel":"parent_payment","method":"GET"}]}}]}],"links":[{"href":"https://api.sandbox.paypal.com/v1/payments/payment/PAY-14T51024AJ1553546KMLQFNQ","rel":"self","method":"GET"}]}
PayPal\Core\PPHttpConnection: Connecting to https://api.sandbox.paypal.com/v1/oauth2/token
PayPal\Core\PPHttpConnection: Payload grant_type=client_credentials
PayPal\Core\PPHttpConnection: Adding header User-Agent: PayPalSDK/rest-sdk-php 0.6.0 (lang=PHP;v=5.4.19;bit=32;os=Windows_NT_6.1;machine=i586;openssl=0.9.8y;curl=7.30.0)
PayPal\Core\PPHttpConnection: Adding header Authorization: Basic QWJBbDVoRDRjMnp5dXJFeHF5Q0RMbkRwazVzblMtcWQ3cTdZM1J3cXdCOXI0dUxfVHNrSUhkZ19WR1RjOkVGUWdkeEFpQkREd2tnX0o4M0t4R0VoQzFfcTdSaTZOOVc0UG9YbFhIS3RSaEVDQ1BFbFB4Q1pwNFZKLQ==
PayPal\Core\PPHttpConnection: Adding header Accept: */*
PayPal\Core\PPHttpConnection: Invalid or no certificate authority found - Retrying using bundled CA certs file
PayPal\Core\PPHttpConnection: Connecting to https://api.sandbox.paypal.com/v1/payments/payment
PayPal\Core\PPHttpConnection: Payload {"intent":"sale","payer":{"payment_method":"credit_card","funding_instruments":[{"credit_card":{"type":"visa","number":"4417119669820331","expire_month":"11","expire_year":"2019","cvv2":"012","first_name":"Anouar","last_name":"Abdessalam"}}]},"transactions":[{"amount":{"currency":"USD","total":743},"description":"This is the payment description."}]}
PayPal\Core\PPHttpConnection: Adding header Content-Type: application/json
PayPal\Core\PPHttpConnection: Adding header User-Agent: PayPalSDK/rest-sdk-php 0.6.0 (lang=PHP;v=5.4.19;bit=32;os=Windows_NT_6.1;machine=i586;openssl=0.9.8y;curl=7.30.0)
PayPal\Core\PPHttpConnection: Adding header Authorization: Bearer jCmAz-gZqWP.sbwve2ki.8P9fpeKT9wIeEzmrwMHv8A
PayPal\Core\PPHttpConnection: Adding header PayPal-Request-Id: 21307064332564139401705547093
PayPal\Core\PPHttpConnection: Invalid or no certificate authority found - Retrying using bundled CA certs file
PayPal\Transport\PPRestCall: {"id":"PAY-4XP81085411500037KMLQGJA","create_time":"2014-03-05T10:57:40Z","update_time":"2014-03-05T10:57:54Z","state":"approved","intent":"sale","payer":{"payment_method":"credit_card","funding_instruments":[{"credit_card":{"type":"visa","number":"xxxxxxxxxxxx0331","expire_month":"11","expire_year":"2019","first_name":"Anouar","last_name":"Abdessalam"}}]},"transactions":[{"amount":{"total":"743.00","currency":"USD","details":{"subtotal":"743.00"}},"description":"This is the payment description.","related_resources":[{"sale":{"id":"0PP13588SC7244609","create_time":"2014-03-05T10:57:40Z","update_time":"2014-03-05T10:57:54Z","state":"completed","amount":{"total":"743.00","currency":"USD"},"parent_payment":"PAY-4XP81085411500037KMLQGJA","links":[{"href":"https://api.sandbox.paypal.com/v1/payments/sale/0PP13588SC7244609","rel":"self","method":"GET"},{"href":"https://api.sandbox.paypal.com/v1/payments/sale/0PP13588SC7244609/refund","rel":"refund","method":"POST"},{"href":"https://api.sandbox.paypal.com/v1/payments/payment/PAY-4XP81085411500037KMLQGJA","rel":"parent_payment","method":"GET"}]}}]}],"links":[{"href":"https://api.sandbox.paypal.com/v1/payments/payment/PAY-4XP81085411500037KMLQGJA","rel":"self","method":"GET"}]}
PayPal\Core\PPHttpConnection: Connecting to https://api.sandbox.paypal.com/v1/oauth2/token
PayPal\Core\PPHttpConnection: Payload grant_type=client_credentials
PayPal\Core\PPHttpConnection: Adding header User-Agent: PayPalSDK/rest-sdk-php 0.6.0 (lang=PHP;v=5.4.19;bit=32;os=Windows_NT_6.1;machine=i586;openssl=0.9.8y;curl=7.30.0)
PayPal\Core\PPHttpConnection: Adding header Authorization: Basic QWJBbDVoRDRjMnp5dXJFeHF5Q0RMbkRwazVzblMtcWQ3cTdZM1J3cXdCOXI0dUxfVHNrSUhkZ19WR1RjOkVGUWdkeEFpQkREd2tnX0o4M0t4R0VoQzFfcTdSaTZOOVc0UG9YbFhIS3RSaEVDQ1BFbFB4Q1pwNFZKLQ==
PayPal\Core\PPHttpConnection: Adding header Accept: */*
PayPal\Core\PPHttpConnection: Invalid or no certificate authority found - Retrying using bundled CA certs file
PayPal\Core\PPHttpConnection: Connecting to https://api.sandbox.paypal.com/v1/payments/payment
PayPal\Core\PPHttpConnection: Payload {"intent":"sale","payer":{"payment_method":"credit_card","funding_instruments":[{"credit_card":{"type":"visa","number":"4417119669820331","expire_month":"11","expire_year":"2019","cvv2":"012","first_name":"Anouar","last_name":"Abdessalam"}}]},"transactions":[{"amount":{"currency":"USD","total":743},"description":"This is the payment description."}]}
PayPal\Core\PPHttpConnection: Adding header Content-Type: application/json
PayPal\Core\PPHttpConnection: Adding header User-Agent: PayPalSDK/rest-sdk-php 0.6.0 (lang=PHP;v=5.4.19;bit=32;os=Windows_NT_6.1;machine=i586;openssl=0.9.8y;curl=7.30.0)
PayPal\Core\PPHttpConnection: Adding header Authorization: Bearer 18C0pFhx9-mEu8xDtn5TD1oCexW.FPgSKJxJsLI6NGc
PayPal\Core\PPHttpConnection: Adding header PayPal-Request-Id: 2130706433256413940182335473
PayPal\Core\PPHttpConnection: Invalid or no certificate authority found - Retrying using bundled CA certs file
PayPal\Transport\PPRestCall: {"id":"PAY-3M992826TV718030FKMLQPOQ","create_time":"2014-03-05T11:17:14Z","update_time":"2014-03-05T11:17:27Z","state":"approved","intent":"sale","payer":{"payment_method":"credit_card","funding_instruments":[{"credit_card":{"type":"visa","number":"xxxxxxxxxxxx0331","expire_month":"11","expire_year":"2019","first_name":"Anouar","last_name":"Abdessalam"}}]},"transactions":[{"amount":{"total":"743.00","currency":"USD","details":{"subtotal":"743.00"}},"description":"This is the payment description.","related_resources":[{"sale":{"id":"7FE031476H209135W","create_time":"2014-03-05T11:17:14Z","update_time":"2014-03-05T11:17:27Z","state":"completed","amount":{"total":"743.00","currency":"USD"},"parent_payment":"PAY-3M992826TV718030FKMLQPOQ","links":[{"href":"https://api.sandbox.paypal.com/v1/payments/sale/7FE031476H209135W","rel":"self","method":"GET"},{"href":"https://api.sandbox.paypal.com/v1/payments/sale/7FE031476H209135W/refund","rel":"refund","method":"POST"},{"href":"https://api.sandbox.paypal.com/v1/payments/payment/PAY-3M992826TV718030FKMLQPOQ","rel":"parent_payment","method":"GET"}]}}]}],"links":[{"href":"https://api.sandbox.paypal.com/v1/payments/payment/PAY-3M992826TV718030FKMLQPOQ","rel":"self","method":"GET"}]}
PayPal\Core\PPHttpConnection: Connecting to https://api.sandbox.paypal.com/v1/oauth2/token
PayPal\Core\PPHttpConnection: Payload grant_type=client_credentials
PayPal\Core\PPHttpConnection: Adding header User-Agent: PayPalSDK/rest-sdk-php 0.6.0 (lang=PHP;v=5.4.19;bit=32;os=Windows_NT_6.1;machine=i586;openssl=0.9.8y;curl=7.30.0)
PayPal\Core\PPHttpConnection: Adding header Authorization: Basic QWJBbDVoRDRjMnp5dXJFeHF5Q0RMbkRwazVzblMtcWQ3cTdZM1J3cXdCOXI0dUxfVHNrSUhkZ19WR1RjOkVGUWdkeEFpQkREd2tnX0o4M0t4R0VoQzFfcTdSaTZOOVc0UG9YbFhIS3RSaEVDQ1BFbFB4Q1pwNFZKLQ==
PayPal\Core\PPHttpConnection: Adding header Accept: */*
PayPal\Core\PPHttpConnection: Invalid or no certificate authority found - Retrying using bundled CA certs file
PayPal\Core\PPHttpConnection: Connecting to https://api.sandbox.paypal.com/v1/payments/payment
PayPal\Core\PPHttpConnection: Payload {"intent":"sale","payer":{"payment_method":"credit_card","funding_instruments":[{"credit_card":{"type":"visa","number":"4417119669820331","expire_month":"11","expire_year":"2019","cvv2":"012","first_name":"Anouar","last_name":"Abdessalam"}}]},"transactions":[{"amount":{"currency":"USD","total":743},"description":"This is the payment description."}]}
PayPal\Core\PPHttpConnection: Adding header Content-Type: application/json
PayPal\Core\PPHttpConnection: Adding header User-Agent: PayPalSDK/rest-sdk-php 0.6.0 (lang=PHP;v=5.4.19;bit=32;os=Windows_NT_6.1;machine=i586;openssl=0.9.8y;curl=7.30.0)
PayPal\Core\PPHttpConnection: Adding header Authorization: Bearer GmX3-EUiH1DkTdAWOZ7pR7yNS.aFjCXAtmg6ML6XgDo
PayPal\Core\PPHttpConnection: Adding header PayPal-Request-Id: 21307064332564139401886419709
PayPal\Core\PPHttpConnection: Invalid or no certificate authority found - Retrying using bundled CA certs file
PayPal\Transport\PPRestCall: {"id":"PAY-7YC419685F4770407KMLQUMI","create_time":"2014-03-05T11:27:45Z","update_time":"2014-03-05T11:28:00Z","state":"approved","intent":"sale","payer":{"payment_method":"credit_card","funding_instruments":[{"credit_card":{"type":"visa","number":"xxxxxxxxxxxx0331","expire_month":"11","expire_year":"2019","first_name":"Anouar","last_name":"Abdessalam"}}]},"transactions":[{"amount":{"total":"743.00","currency":"USD","details":{"subtotal":"743.00"}},"description":"This is the payment description.","related_resources":[{"sale":{"id":"42S93972FB4417412","create_time":"2014-03-05T11:27:45Z","update_time":"2014-03-05T11:28:00Z","state":"completed","amount":{"total":"743.00","currency":"USD"},"parent_payment":"PAY-7YC419685F4770407KMLQUMI","links":[{"href":"https://api.sandbox.paypal.com/v1/payments/sale/42S93972FB4417412","rel":"self","method":"GET"},{"href":"https://api.sandbox.paypal.com/v1/payments/sale/42S93972FB4417412/refund","rel":"refund","method":"POST"},{"href":"https://api.sandbox.paypal.com/v1/payments/payment/PAY-7YC419685F4770407KMLQUMI","rel":"parent_payment","method":"GET"}]}}]}],"links":[{"href":"https://api.sandbox.paypal.com/v1/payments/payment/PAY-7YC419685F4770407KMLQUMI","rel":"self","method":"GET"}]}
